<?xml version="1.0" encoding="UTF-8"?>
<!-- Generated by org.testng.reporters.JUnitReportReporter -->
<testsuite hostname="DESKTOP-S08CUT5" name="demoTestNG.EnableFalse" tests="2" failures="0" timestamp="25 Jul 2017 19:00:22 GMT" time="0.017" errors="0">
  <testcase name="testLogoutApp" time="0.001" classname="demoTestNG.EnableFalse"/>
  <testcase name="testLoginApp" time="0.016" classname="demoTestNG.EnableFalse"/>
</testsuite> <!-- demoTestNG.EnableFalse -->
