<?xml version="1.0" encoding="UTF-8"?>
<!-- Generated by org.testng.reporters.JUnitReportReporter -->
<testsuite hostname="DESKTOP-S08CUT5" name="DataDriven.Initiation" tests="1" failures="0" timestamp="28 Jul 2017 18:45:10 GMT" time="25.477" errors="0">
  <testcase name="checkValidUser" time="25.477" classname="DataDriven.Initiation"/>
</testsuite> <!-- DataDriven.Initiation -->
