<?xml version="1.0" encoding="UTF-8"?>
<!-- Generated by org.testng.reporters.JUnitReportReporter -->
<testsuite hostname="DESKTOP-S08CUT5" name="demoTestNG.demotestng" tests="3" failures="0" timestamp="25 Jul 2017 18:54:16 GMT" time="0.020" errors="0">
  <testcase name="logout" time="0.004" classname="demoTestNG.demotestng"/>
  <testcase name="login" time="0.012" classname="demoTestNG.demotestng"/>
  <testcase name="Payment" time="0.004" classname="demoTestNG.demotestng"/>
</testsuite> <!-- demoTestNG.demotestng -->
